=================================================== 

27/09/2017-23:48:26 *** Process logging started *** 

=================================================== 

=================================================== 

27/09/2017-23:48:26 *** Process logging started *** 

=================================================== 

27/09/2017-23:48:42 --- Init passed


=================================================== 

27/09/2017-23:48:42 *** Process logging started *** 

=================================================== 

27/09/2017-23:48:47 --- Auto mode started


27/09/2017-23:48:49 --- pump counter:1


27/09/2017-23:48:49 --- new pump has arrived, barrier going down ...


27/09/2017-23:48:50 --- Laser is moving into working position, searching for pump...


27/09/2017-23:48:50 --- Pump in laser focus


27/09/2017-23:48:51 --- Laser in position, starts marking...


27/09/2017-23:48:51 --- simulation auto marking started


27/09/2017-23:48:54 --- Barrier is not in lower position


27/09/2017-23:48:54 --- Resetting auto mode! Simulation mode *****************


27/09/2017-23:48:55 --- Cancel pressed, keeping current serial: 17-000253


27/09/2017-23:48:55 --- Auto mode started


27/09/2017-23:48:55 --- new pump has arrived, barrier going down ...


27/09/2017-23:48:56 --- Signal DONE set


27/09/2017-23:48:56 --- pump left


27/09/2017-23:48:56 --- pump not present


27/09/2017-23:48:56 --- Signal DONE reseted


27/09/2017-23:49:51 --- Init passed


=================================================== 

27/09/2017-23:49:51 *** Process logging started *** 

=================================================== 

27/09/2017-23:49:59 --- Auto mode started


27/09/2017-23:50:03 --- pump counter:1


27/09/2017-23:50:04 --- new pump has arrived, barrier going down ...


27/09/2017-23:50:05 --- Laser is moving into working position, searching for pump...


27/09/2017-23:50:05 --- Pump in laser focus


27/09/2017-23:50:06 --- Laser in position, starts marking...


27/09/2017-23:50:06 --- simulation auto marking started


27/09/2017-23:50:57 --- Marking successful, raising barrier up and setting signal DONE..


27/09/2017-23:50:58 --- Signal DONE set


27/09/2017-23:50:58 --- Signal DONE reseted


27/09/2017-23:51:01 --- pump left


27/09/2017-23:51:01 --- pump not present


27/09/2017-23:51:01 --- Marking successful, incrementing serial number and setting signal done


27/09/2017-23:51:06 --- pump counter:2


27/09/2017-23:51:06 --- new pump has arrived, barrier going down ...


27/09/2017-23:51:09 --- Laser is moving into working position, searching for pump...


27/09/2017-23:51:09 --- Pump in laser focus


27/09/2017-23:51:10 --- Laser in position, starts marking...


27/09/2017-23:51:10 --- simulation auto marking started


27/09/2017-23:51:16 --- Barrier is not in lower position


27/09/2017-23:51:16 --- Resetting auto mode! Simulation mode *****************


27/09/2017-23:51:18 ---  Ok pressed, creating new serial number


27/09/2017-23:51:18 --- Auto mode started


27/09/2017-23:51:18 --- new pump has arrived, barrier going down ...


27/09/2017-23:51:19 --- Signal DONE set


27/09/2017-23:51:19 --- Signal DONE reseted


27/09/2017-23:51:33 --- Init passed


=================================================== 

27/09/2017-23:51:33 *** Process logging started *** 

=================================================== 

27/09/2017-23:51:40 --- Auto mode started


27/09/2017-23:51:44 --- pump counter:1


27/09/2017-23:51:44 --- new pump has arrived, barrier going down ...


27/09/2017-23:51:46 --- Laser is moving into working position, searching for pump...


27/09/2017-23:51:46 --- Pump in laser focus


27/09/2017-23:51:47 --- Laser in position, starts marking...


27/09/2017-23:51:48 --- simulation auto marking started


27/09/2017-23:52:44 --- Marking successful, raising barrier up and setting signal DONE..


27/09/2017-23:52:45 --- Signal DONE set


27/09/2017-23:52:45 --- Signal DONE reseted


27/09/2017-23:52:54 --- pump left


27/09/2017-23:52:54 --- pump not present


27/09/2017-23:52:54 --- Marking successful, incrementing serial number and setting signal done


27/09/2017-23:56:18 --- pump counter:2


27/09/2017-23:56:18 --- new pump has arrived, barrier going down ...


27/09/2017-23:56:20 --- Laser is moving into working position, searching for pump...


27/09/2017-23:56:20 --- Pump in laser focus


27/09/2017-23:56:21 --- Laser in position, starts marking...


27/09/2017-23:56:21 --- simulation auto marking started


27/09/2017-23:57:18 --- Marking successful, raising barrier up and setting signal DONE..


27/09/2017-23:57:19 --- Signal DONE set


27/09/2017-23:57:19 --- Signal DONE reseted


27/09/2017-23:58:07 --- Init passed


=================================================== 

27/09/2017-23:58:07 *** Process logging started *** 

=================================================== 

27/09/2017-23:58:16 --- Auto mode started


27/09/2017-23:58:19 --- pump counter:1


27/09/2017-23:58:20 --- new pump has arrived, barrier going down ...


27/09/2017-23:58:21 --- Laser is moving into working position, searching for pump...


27/09/2017-23:58:21 --- Pump in laser focus


27/09/2017-23:58:22 --- Laser in position, starts marking...


27/09/2017-23:58:22 --- simulation auto marking started


27/09/2017-23:59:07 --- Marking successful, raising barrier up and setting signal DONE..


27/09/2017-23:59:08 --- Signal DONE set


27/09/2017-23:59:08 --- Signal DONE reseted


27/09/2017-23:59:24 --- pump left


27/09/2017-23:59:24 --- pump not present


27/09/2017-23:59:24 --- Marking successful, incrementing serial number and setting signal done


27/09/2017-23:59:24 --- Appending .xls log table


27/09/2017-23:59:26 --- pump counter:2


27/09/2017-23:59:26 --- new pump has arrived, barrier going down ...


27/09/2017-23:59:28 --- Laser is moving into working position, searching for pump...


27/09/2017-23:59:28 --- Pump in laser focus


27/09/2017-23:59:29 --- Laser in position, starts marking...


27/09/2017-23:59:29 --- simulation auto marking started


28/09/2017-00:00:20 --- Marking successful, raising barrier up and setting signal DONE..


28/09/2017-00:00:21 --- Signal DONE set


28/09/2017-00:00:21 --- Signal DONE reseted


28/09/2017-00:00:26 --- pump left


28/09/2017-00:00:26 --- pump not present


28/09/2017-00:00:27 --- Marking successful, incrementing serial number and setting signal done


28/09/2017-00:00:27 --- Appending .xls log table


28/09/2017-00:00:29 --- pump counter:3


28/09/2017-00:00:29 --- new pump has arrived, barrier going down ...


28/09/2017-00:00:30 --- Laser is moving into working position, searching for pump...


28/09/2017-00:00:30 --- Pump in laser focus


28/09/2017-00:00:31 --- Laser in position, starts marking...


28/09/2017-00:00:32 --- simulation auto marking started


28/09/2017-00:01:05 --- Barrier is not in lower position


28/09/2017-00:01:05 --- Resetting auto mode! Simulation mode *****************


28/09/2017-00:01:06 --- Cancel pressed, keeping current serial: 17-000257


28/09/2017-00:01:06 --- Auto mode started


28/09/2017-00:01:06 --- new pump has arrived, barrier going down ...


28/09/2017-00:01:07 --- Signal DONE set


28/09/2017-00:01:07 --- pump left


28/09/2017-00:01:07 --- pump not present


28/09/2017-00:01:07 --- Signal DONE reseted


28/09/2017-00:01:09 --- First stop auto mode!


