=================================================== 

30/09/2017-00:02:24 *** Process logging started *** 

=================================================== 

=================================================== 

30/09/2017-00:02:24 *** Process logging started *** 

=================================================== 

30/09/2017-00:02:30 --- Automatic barrier rising


30/09/2017-00:02:30 --- Auto mode started


30/09/2017-00:02:30 --- Automatic laser referencing initiated


30/09/2017-00:02:31 --- pump counter:1


30/09/2017-00:02:31 --- Automatic barrier lowering


30/09/2017-00:02:31 ---  Simulation - new pump has arrived, barrier going down ...


30/09/2017-00:02:33 --- Barrier is lowered, searching for pump...


30/09/2017-00:02:33 --- Laser is moving into working position, searching for pump...


30/09/2017-00:02:35 --- Laser lower position reached, no pump found, going back to ref...


30/09/2017-00:02:35 --- Automatic laser referencing initiated


30/09/2017-00:02:35 --- Automatic laser referencing initiated


30/09/2017-00:02:35 --- Automatic barrier rising


30/09/2017-00:05:31 --- Init passed


=================================================== 

30/09/2017-00:05:31 *** Process logging started *** 

=================================================== 

30/09/2017-00:05:41 --- Automatic barrier rising


30/09/2017-00:05:41 --- Auto mode started


30/09/2017-00:05:41 --- Automatic laser referencing initiated


30/09/2017-00:05:43 --- pump counter:1


30/09/2017-00:05:43 --- Automatic barrier lowering


30/09/2017-00:05:43 ---  Simulation - new pump has arrived, barrier going down ...


30/09/2017-00:05:45 --- Barrier is lowered, searching for pump...


30/09/2017-00:05:45 --- Laser is moving into working position, searching for pump...


30/09/2017-00:05:47 --- Laser lower position reached, no pump found, going back to ref...


30/09/2017-00:05:47 --- Automatic laser referencing initiated


30/09/2017-00:05:47 --- Automatic laser referencing initiated


30/09/2017-00:05:47 --- Automatic barrier rising


30/09/2017-00:05:49 --- ok pressed, trying to find pump again


30/09/2017-00:05:49 --- Laser is moving into working position, searching for pump...


30/09/2017-00:05:49 --- Automatic laser referencing initiated


30/09/2017-00:05:49 --- Automatic barrier rising


30/09/2017-00:05:49 --- Automatic barrier rising


30/09/2017-00:05:49 --- Auto mode started


30/09/2017-00:05:49 --- Automatic laser referencing initiated


30/09/2017-00:05:54 --- Init passed


=================================================== 

30/09/2017-00:05:54 *** Process logging started *** 

=================================================== 

30/09/2017-00:06:01 --- Automatic barrier rising


30/09/2017-00:06:01 --- Auto mode started


30/09/2017-00:06:01 --- Automatic laser referencing initiated


30/09/2017-00:06:03 --- pump counter:1


30/09/2017-00:06:03 --- Automatic barrier lowering


30/09/2017-00:06:03 ---  Simulation - new pump has arrived, barrier going down ...


30/09/2017-00:06:04 --- Barrier is lowered, searching for pump...


30/09/2017-00:06:04 --- Laser is moving into working position, searching for pump...


30/09/2017-00:06:04 --- Laser lower position reached, no pump found, going back to ref...


30/09/2017-00:06:04 --- Automatic laser referencing initiated


30/09/2017-00:06:04 --- Automatic laser referencing initiated


30/09/2017-00:06:04 --- Automatic barrier rising


30/09/2017-00:06:07 --- ok pressed, trying to find pump again


30/09/2017-00:06:07 --- Laser is moving into working position, searching for pump...


30/09/2017-00:06:07 --- Automatic laser referencing initiated


30/09/2017-00:06:07 --- Automatic barrier rising


30/09/2017-00:06:07 --- Automatic barrier rising


30/09/2017-00:06:07 --- Auto mode started


30/09/2017-00:06:07 --- Automatic laser referencing initiated


30/09/2017-00:06:13 --- Init passed


=================================================== 

30/09/2017-00:06:13 *** Process logging started *** 

=================================================== 

30/09/2017-00:06:20 --- pump counter:1


30/09/2017-00:06:23 --- pump left


30/09/2017-00:06:25 --- Automatic barrier rising


30/09/2017-00:06:25 --- Auto mode started


30/09/2017-00:06:25 --- Automatic laser referencing initiated


30/09/2017-00:06:27 --- pump counter:2


30/09/2017-00:06:27 --- Automatic barrier lowering


30/09/2017-00:06:27 ---  Simulation - new pump has arrived, barrier going down ...


30/09/2017-00:06:28 --- Barrier is lowered, searching for pump...


30/09/2017-00:06:28 --- Laser is moving into working position, searching for pump...


30/09/2017-00:06:38 --- Pump in laser focus


30/09/2017-00:06:38 --- Barrier is not down, laser goes in reference position


30/09/2017-00:06:38 --- Automatic laser referencing initiated


30/09/2017-00:06:38 --- Resetting auto mode! Simulation mode *****************


30/09/2017-00:06:38 --- Automatic laser referencing initiated


30/09/2017-00:06:38 --- Automatic barrier rising


30/09/2017-00:06:48 ---  Ok pressed, creating new serial number


30/09/2017-00:06:48 --- Automatic barrier rising


30/09/2017-00:06:48 --- Auto mode started


30/09/2017-00:06:48 --- Automatic laser referencing initiated


30/09/2017-00:06:49 --- Automatic barrier lowering


30/09/2017-00:06:49 ---  Simulation - new pump has arrived, barrier going down ...


30/09/2017-00:06:52 --- pump left


30/09/2017-00:06:53 --- pump counter:3


30/09/2017-00:06:55 --- Barrier is lowered, searching for pump...


30/09/2017-00:06:55 --- Laser is moving into working position, searching for pump...


30/09/2017-00:06:56 --- Pump in laser focus


30/09/2017-00:06:57 --- simulation auto marking started


30/09/2017-00:07:06 --- Barrier not down during laser marking


30/09/2017-00:07:06 --- Automatic laser referencing initiated


30/09/2017-00:07:06 --- Resetting auto mode! Simulation mode *****************


30/09/2017-00:07:06 --- Automatic laser referencing initiated


30/09/2017-00:07:06 --- Automatic barrier rising


30/09/2017-00:07:07 ---  Ok pressed, creating new serial number


30/09/2017-00:07:07 --- Automatic barrier rising


30/09/2017-00:07:07 --- Auto mode started


30/09/2017-00:07:07 --- Automatic laser referencing initiated


30/09/2017-00:11:58 --- Init passed


=================================================== 

30/09/2017-00:11:58 *** Process logging started *** 

=================================================== 

30/09/2017-00:12:04 --- Automatic barrier rising


30/09/2017-00:12:04 --- Auto mode started


30/09/2017-00:12:04 --- Automatic laser referencing initiated


30/09/2017-00:12:06 --- pump counter:1


30/09/2017-00:12:07 --- Automatic barrier lowering


30/09/2017-00:12:07 ---  Simulation - new pump has arrived, barrier going down ...


30/09/2017-00:12:07 --- Barrier is lowered, searching for pump...


30/09/2017-00:12:07 --- Laser is moving into working position, searching for pump...


30/09/2017-00:12:12 --- Pump in laser focus


30/09/2017-00:12:13 --- simulation auto marking started


30/09/2017-00:12:17 --- Barrier not down during laser marking


30/09/2017-00:12:17 --- Automatic laser referencing initiated


30/09/2017-00:12:17 --- Resetting auto mode! Simulation mode *****************


30/09/2017-00:12:17 --- Automatic laser referencing initiated


30/09/2017-00:12:17 --- Automatic barrier rising


30/09/2017-00:12:23 --- Cancel pressed, keeping current serial: 17-000054


30/09/2017-00:12:23 --- Automatic barrier rising


30/09/2017-00:12:23 --- Auto mode started


30/09/2017-00:12:23 --- Automatic laser referencing initiated


30/09/2017-00:12:24 --- Automatic barrier lowering


30/09/2017-00:12:24 ---  Simulation - new pump has arrived, barrier going down ...


30/09/2017-00:12:28 --- Barrier is lowered, searching for pump...


30/09/2017-00:12:28 --- Laser is moving into working position, searching for pump...


30/09/2017-00:12:29 --- Pump in laser focus


30/09/2017-00:12:29 --- simulation auto marking started


30/09/2017-00:12:34 --- Barrier not down during laser marking


30/09/2017-00:12:34 --- Automatic laser referencing initiated


30/09/2017-00:12:34 --- Resetting auto mode! Simulation mode *****************


30/09/2017-00:12:34 --- Automatic laser referencing initiated


30/09/2017-00:12:34 --- Automatic barrier rising


30/09/2017-00:12:36 --- Cancel pressed, keeping current serial: 17-000054


30/09/2017-00:12:36 --- Automatic barrier rising


30/09/2017-00:12:36 --- Auto mode started


30/09/2017-00:12:36 --- Automatic laser referencing initiated


30/09/2017-00:12:36 --- Automatic barrier lowering


30/09/2017-00:12:36 ---  Simulation - new pump has arrived, barrier going down ...


30/09/2017-00:12:37 --- pump left


30/09/2017-00:12:39 --- pump counter:2


30/09/2017-00:12:42 --- Barrier is lowered, searching for pump...


30/09/2017-00:12:42 --- Laser is moving into working position, searching for pump...


30/09/2017-00:12:44 --- Pump in laser focus


30/09/2017-00:12:45 --- simulation auto marking started


30/09/2017-00:13:35 --- Automatic barrier rising


30/09/2017-00:13:35 --- Marking successful, raising barrier up and setting signal DONE..


30/09/2017-00:13:35 --- Signal DONE set


30/09/2017-00:13:36 --- Signal DONE reseted


30/09/2017-00:13:40 --- pump left


30/09/2017-00:13:40 --- Marking successful, incrementing serial number and setting signal done


30/09/2017-00:13:40 --- Appending .xls log table


30/09/2017-00:13:40 ---  


30/09/2017-00:13:40 --- starting wait_for_pump_sim from reset_laser marking


30/09/2017-00:18:47 --- pump counter:3


30/09/2017-00:18:47 --- Automatic barrier lowering


30/09/2017-00:18:47 ---  Simulation - new pump has arrived, barrier going down ...


30/09/2017-00:18:48 --- Barrier is lowered, searching for pump...


30/09/2017-00:18:48 --- Laser is moving into working position, searching for pump...


30/09/2017-00:18:49 --- Pump in laser focus


30/09/2017-00:18:49 --- simulation auto marking started


30/09/2017-00:18:53 --- Barrier not down during laser marking


30/09/2017-00:18:53 --- Automatic laser referencing initiated


30/09/2017-00:18:53 --- Resetting auto mode! Simulation mode *****************


30/09/2017-00:18:53 --- Automatic laser referencing initiated


30/09/2017-00:18:53 --- Automatic barrier rising


30/09/2017-00:18:56 ---  Ok pressed, creating new serial number


30/09/2017-00:18:56 --- Automatic barrier rising


30/09/2017-00:18:56 --- Auto mode started


30/09/2017-00:18:56 --- Automatic laser referencing initiated


